<?xml version="1.0" encoding="UTF-8"?>
<testng-results skipped="0" failed="0" ignored="0" total="1" passed="1">
  <reporter-output>
  </reporter-output>
  <suite name="Default suite" duration-ms="18481" started-at="2017-02-26T13:23:48Z" finished-at="2017-02-26T13:24:07Z">
    <groups>
    </groups>
    <test name="Default test" duration-ms="18481" started-at="2017-02-26T13:23:48Z" finished-at="2017-02-26T13:24:07Z">
      <class name="DemoTest">
        <test-method status="PASS" signature="beforeTest()[pri:0, instance:DemoTest@55f3ddb1]" name="beforeTest" is-config="true" duration-ms="8006" started-at="2017-02-26T15:23:48Z" finished-at="2017-02-26T15:23:56Z">
          <reporter-output>
          </reporter-output>
        </test-method> <!-- beforeTest -->
        <test-method status="PASS" signature="testDemo()[pri:0, instance:DemoTest@55f3ddb1]" name="testDemo" duration-ms="10449" started-at="2017-02-26T15:23:56Z" finished-at="2017-02-26T15:24:07Z">
          <reporter-output>
          </reporter-output>
        </test-method> <!-- testDemo -->
      </class> <!-- DemoTest -->
    </test> <!-- Default test -->
  </suite> <!-- Default suite -->
</testng-results>
